<?xml version="1.0" encoding="UTF-8"?>
<!-- Generated by org.testng.reporters.JUnitXMLReporter -->
<testsuite ignored="6" hostname="NISANTH" failures="1" tests="2" name="endtoend" time="0.152" errors="0" timestamp="2023-03-27T19:28:03 IST">
  <testcase classname="com.trello.qspiders.learngroupexecution.CrossBrowserTestingUsingActitime" name="logoutTestcase" time="0.033">
    <failure type="java.lang.NullPointerException" message="Cannot invoke &amp;quot;org.openqa.selenium.WebDriver.manage()&amp;quot; because &amp;quot;this.driver&amp;quot; is null">
      <![CDATA[java.lang.NullPointerException: Cannot invoke "org.openqa.selenium.WebDriver.manage()" because "this.driver" is null
at com.trello.qspiders.learngroupexecution.CrossBrowserTestingUsingActitime.logoutTestcase(CrossBrowserTestingUsingActitime.java:47)
at java.base/java.util.ArrayList.forEach(ArrayList.java:1511)
... Removed 25 stack frames]]>
    </failure>
  </testcase> <!-- logoutTestcase -->
  <testcase classname="com.trello.qspiders.learngroupexecution.GroupA" name="nameA" time="0.008"/>
  <testcase classname="com.trello.qspiders.learngroupexecution.GroupA" name="nameC" time="0.0">
    <ignored/>
  </testcase> <!-- nameC -->
  <testcase classname="com.trello.qspiders.learngroupexecution.GroupB" name="nameD" time="0.0">
    <ignored/>
  </testcase> <!-- nameD -->
  <testcase classname="com.trello.qspiders.learngroupexecution.GroupB" name="nameE" time="0.0">
    <ignored/>
  </testcase> <!-- nameE -->
  <testcase classname="com.trello.qspiders.learngroupexecution.GroupB" name="nameF" time="0.0">
    <ignored/>
  </testcase> <!-- nameF -->
  <testcase classname="com.trello.qspiders.learngroupexecution.DataDrivenTestingByClass" name="supplyDataToMe" time="0.0">
    <ignored/>
  </testcase> <!-- supplyDataToMe -->
  <testcase classname="com.trello.qspiders.learngroupexecution.GroupA" name="nameB" time="0.0">
    <ignored/>
  </testcase> <!-- nameB -->
</testsuite> <!-- endtoend -->
