<?xml version="1.0" encoding="UTF-8"?>
<!-- Generated by org.testng.reporters.JUnitXMLReporter -->
<testsuite ignored="2" hostname="NISANTH" failures="0" tests="5" name="Test" time="23.793" errors="0" timestamp="2023-03-27T21:59:53 IST">
  <testcase classname="com.trello.qspiders.learngroupexecution.CrossBrowserTestingUsingActitime" name="logoutTestcase" time="23.649"/>
  <testcase classname="com.trello.qspiders.learngroupexecution.GroupA" name="nameA" time="0.004"/>
  <testcase classname="com.trello.qspiders.learngroupexecution.GroupA" name="nameB" time="0.008"/>
  <testcase classname="com.trello.qspiders.learngroupexecution.GroupA" name="nameC" time="0.002"/>
  <testcase classname="com.trello.qspiders.learngroupexecution.GroupB" name="nameE" time="0.003"/>
  <testcase classname="com.trello.qspiders.learngroupexecution.GroupB" name="nameD" time="0.0">
    <ignored/>
  </testcase> <!-- nameD -->
  <testcase classname="com.trello.qspiders.learngroupexecution.GroupB" name="nameF" time="0.0">
    <ignored/>
  </testcase> <!-- nameF -->
</testsuite> <!-- Test -->
